[2022-06-07 05:51:11,369] [INFO] ---------------------------------
[2022-06-07 05:51:11,370] [INFO] Starting: - time: 7.683885335922241
[2022-06-07 05:51:11,370] [INFO] ---------------------------------
[2022-06-07 05:51:11,370] [INFO] ---------------------------------
[2022-06-07 05:51:11,370] [INFO] Epoch 1: - time: 7.683999538421631
[2022-06-07 05:51:11,370] [INFO] ---------------------------------
[2022-06-07 05:55:13,925] [INFO] ---------------------------------
[2022-06-07 05:55:13,926] [INFO] Step 300: - time: 250.24060130119324
[2022-06-07 05:55:13,926] [INFO] ---------------------------------
[2022-06-07 06:06:17,746] [INFO] ---------------------------------
[2022-06-07 06:06:17,747] [INFO] training - time: 914.0613918304443
[2022-06-07 06:06:17,747] [INFO] 	- loss: 0.2789850444009062
[2022-06-07 06:06:17,747] [INFO] ---------------------------------
[2022-06-07 06:06:17,747] [INFO] 
[2022-06-07 06:06:17,747] [INFO] ---------------------------------
[2022-06-07 06:06:17,747] [INFO] validation - time: 914.0615837574005
[2022-06-07 06:06:17,747] [INFO] 	- loss: 2.2592396860268755e-05
[2022-06-07 06:06:17,747] [INFO] 	- avg_f1: 0.9848565601167225
[2022-06-07 06:06:17,747] [INFO] ---------------------------------
[2022-06-07 06:06:17,747] [INFO] 
[2022-06-07 06:06:18,181] [INFO] ---------------------------------
[2022-06-07 06:06:18,181] [INFO] best - time: 914.4950776100159
[2022-06-07 06:06:18,181] [INFO] 	- avg_f1: 0.9848565601167225
[2022-06-07 06:06:18,181] [INFO] ---------------------------------
[2022-06-07 06:06:18,181] [INFO] 
[2022-06-07 06:10:11,469] [INFO] ---------------------------------
[2022-06-07 06:10:11,470] [INFO] Step 600: - time: 1147.7841656208038
[2022-06-07 06:10:11,470] [INFO] ---------------------------------
[2022-06-07 06:21:17,549] [INFO] ---------------------------------
[2022-06-07 06:21:17,549] [INFO] training - time: 1813.8633847236633
[2022-06-07 06:21:17,549] [INFO] 	- loss: 0.07446356210285254
[2022-06-07 06:21:17,549] [INFO] ---------------------------------
[2022-06-07 06:21:17,549] [INFO] 
[2022-06-07 06:21:17,549] [INFO] ---------------------------------
[2022-06-07 06:21:17,549] [INFO] validation - time: 1813.8636436462402
[2022-06-07 06:21:17,549] [INFO] 	- loss: 7.613920375993261e-06
[2022-06-07 06:21:17,549] [INFO] 	- avg_f1: 0.9949051482336861
[2022-06-07 06:21:17,550] [INFO] ---------------------------------
[2022-06-07 06:21:17,550] [INFO] 
[2022-06-07 06:21:18,043] [INFO] ---------------------------------
[2022-06-07 06:21:18,043] [INFO] best - time: 1814.356965303421
[2022-06-07 06:21:18,043] [INFO] 	- avg_f1: 0.9949051482336861
[2022-06-07 06:21:18,043] [INFO] ---------------------------------
[2022-06-07 06:21:18,043] [INFO] 
[2022-06-07 06:22:05,804] [INFO] ---------------------------------
[2022-06-07 06:22:05,805] [INFO] Epoch 2: - time: 1862.1196587085724
[2022-06-07 06:22:05,805] [INFO] ---------------------------------
[2022-06-07 06:25:15,020] [INFO] ---------------------------------
[2022-06-07 06:25:15,021] [INFO] Step 900: - time: 2051.3347754478455
[2022-06-07 06:25:15,021] [INFO] ---------------------------------
